<?xml version="1.0" encoding="UTF-8"?>
<!-- Generated by org.testng.reporters.JUnitXMLReporter -->
<testsuite ignored="0" hostname="LAPTOP-300HMF62" failures="1" tests="5" name="Test1" time="89.198" errors="0" timestamp="2025-03-23T17:04:42 IST">
  <testcase classname="testcases.TC001_LoginTestDDT" name="verify_Login" time="8.751"/>
  <testcase classname="testcases.TC001_LoginTestDDT" name="verify_Login" time="17.061">
    <failure type="java.lang.AssertionError" message="The following asserts failed:
	expected [true] but found [false]">
      <![CDATA[java.lang.AssertionError: The following asserts failed:
expected [true] but found [false]
at testcases.TC001_LoginTestDDT.verify_Login(TC001_LoginTestDDT.java:69)
at java.base/java.util.ArrayList.forEach(ArrayList.java:1596)
... Removed 27 stack frames]]>
    </failure>
  </testcase> <!-- verify_Login -->
  <testcase classname="testcases.TC001_LoginTestDDT" name="verify_Login" time="16.628"/>
  <testcase classname="testcases.TC001_LoginTestDDT" name="verify_Login" time="8.853"/>
  <testcase classname="testcases.TC001_LoginTestDDT" name="verify_Login" time="17.491"/>
</testsuite> <!-- Test1 -->
