<?xml version="1.0" encoding="UTF-8"?>
<testng-results ignored="0" total="5" passed="4" failed="1" skipped="0">
  <reporter-output>
  </reporter-output>
  <suite started-at="2025-03-23T17:03:13 IST" name="Suite" finished-at="2025-03-23T17:04:42 IST" duration-ms="89198">
    <groups>
      <group name="dataDriven">
        <method signature="TC001_LoginTestDDT.verify_Login(java.lang.String,java.lang.String,java.lang.String)[pri:0, instance:testcases.TC001_LoginTestDDT@52b1beb6]" name="verify_Login" class="testcases.TC001_LoginTestDDT"/>
      </group> <!-- dataDriven -->
    </groups>
    <test started-at="2025-03-23T17:03:13 IST" name="Test1" finished-at="2025-03-23T17:04:42 IST" duration-ms="89198">
      <class name="testcases.TC001_LoginTestDDT">
        <test-method is-config="true" signature="login(java.lang.String,java.lang.String)[pri:0, instance:testcases.TC001_LoginTestDDT@52b1beb6]" started-at="2025-03-23T17:03:13 IST" name="login" finished-at="2025-03-23T17:03:29 IST" duration-ms="15924" status="PASS">
          <params>
            <param index="0">
              <value>
                <![CDATA[Windows]]>
              </value>
            </param>
            <param index="1">
              <value>
                <![CDATA[chrome]]>
              </value>
            </param>
          </params>
          <reporter-output>
          </reporter-output>
        </test-method> <!-- login -->
        <test-method signature="verify_Login(java.lang.String,java.lang.String,java.lang.String)[pri:0, instance:testcases.TC001_LoginTestDDT@52b1beb6]" started-at="2025-03-23T17:03:32 IST" name="verify_Login" data-provider="LoginData" finished-at="2025-03-23T17:03:41 IST" duration-ms="8751" status="PASS">
          <params>
            <param index="0">
              <value>
                <![CDATA[bittu@123gmail.com]]>
              </value>
            </param>
            <param index="1">
              <value>
                <![CDATA[Bittu@123]]>
              </value>
            </param>
            <param index="2">
              <value>
                <![CDATA[valid]]>
              </value>
            </param>
          </params>
          <reporter-output>
          </reporter-output>
        </test-method> <!-- verify_Login -->
        <test-method signature="verify_Login(java.lang.String,java.lang.String,java.lang.String)[pri:0, instance:testcases.TC001_LoginTestDDT@52b1beb6]" started-at="2025-03-23T17:03:41 IST" name="verify_Login" data-provider="LoginData" finished-at="2025-03-23T17:03:58 IST" duration-ms="17061" status="FAIL">
          <params>
            <param index="0">
              <value>
                <![CDATA[abc@gmail.com]]>
              </value>
            </param>
            <param index="1">
              <value>
                <![CDATA[123]]>
              </value>
            </param>
            <param index="2">
              <value>
                <![CDATA[valid]]>
              </value>
            </param>
          </params>
          <exception class="java.lang.AssertionError">
            <message>
              <![CDATA[The following asserts failed:
expected [true] but found [false]]]>
            </message>
            <full-stacktrace>
              <![CDATA[java.lang.AssertionError: The following asserts failed:
expected [true] but found [false]
at org.testng.asserts.SoftAssert.assertAll(SoftAssert.java:47)
at org.testng.asserts.SoftAssert.assertAll(SoftAssert.java:31)
at testcases.TC001_LoginTestDDT.verify_Login(TC001_LoginTestDDT.java:69)
at java.base/jdk.internal.reflect.DirectMethodHandleAccessor.invoke(DirectMethodHandleAccessor.java:103)
at java.base/java.lang.reflect.Method.invoke(Method.java:580)
at org.testng.internal.MethodInvocationHelper.invokeMethod(MethodInvocationHelper.java:133)
at org.testng.internal.TestInvoker.invokeMethod(TestInvoker.java:598)
at org.testng.internal.TestInvoker.invokeTestMethod(TestInvoker.java:173)
at org.testng.internal.MethodRunner.runInSequence(MethodRunner.java:46)
at org.testng.internal.TestInvoker$MethodInvocationAgent.invoke(TestInvoker.java:824)
at org.testng.internal.TestInvoker.invokeTestMethods(TestInvoker.java:146)
at org.testng.internal.TestMethodWorker.invokeTestMethods(TestMethodWorker.java:146)
at org.testng.internal.TestMethodWorker.run(TestMethodWorker.java:128)
at java.base/java.util.ArrayList.forEach(ArrayList.java:1596)
at org.testng.TestRunner.privateRun(TestRunner.java:794)
at org.testng.TestRunner.run(TestRunner.java:596)
at org.testng.SuiteRunner.runTest(SuiteRunner.java:377)
at org.testng.SuiteRunner.runSequentially(SuiteRunner.java:371)
at org.testng.SuiteRunner.privateRun(SuiteRunner.java:332)
at org.testng.SuiteRunner.run(SuiteRunner.java:276)
at org.testng.SuiteRunnerWorker.runSuite(SuiteRunnerWorker.java:53)
at org.testng.SuiteRunnerWorker.run(SuiteRunnerWorker.java:96)
at org.testng.TestNG.runSuitesSequentially(TestNG.java:1212)
at org.testng.TestNG.runSuitesLocally(TestNG.java:1134)
at org.testng.TestNG.runSuites(TestNG.java:1063)
at org.testng.TestNG.run(TestNG.java:1031)
at org.testng.remote.AbstractRemoteTestNG.run(AbstractRemoteTestNG.java:115)
at org.testng.remote.RemoteTestNG.initAndRun(RemoteTestNG.java:293)
at org.testng.remote.RemoteTestNG.main(RemoteTestNG.java:91)
]]>
            </full-stacktrace>
          </exception> <!-- java.lang.AssertionError -->
          <reporter-output>
          </reporter-output>
        </test-method> <!-- verify_Login -->
        <test-method signature="verify_Login(java.lang.String,java.lang.String,java.lang.String)[pri:0, instance:testcases.TC001_LoginTestDDT@52b1beb6]" started-at="2025-03-23T17:03:58 IST" name="verify_Login" data-provider="LoginData" finished-at="2025-03-23T17:04:15 IST" duration-ms="16628" status="PASS">
          <params>
            <param index="0">
              <value>
                <![CDATA[qas@gmail.com]]>
              </value>
            </param>
            <param index="1">
              <value>
                <![CDATA[12qwe]]>
              </value>
            </param>
            <param index="2">
              <value>
                <![CDATA[invalid]]>
              </value>
            </param>
          </params>
          <reporter-output>
          </reporter-output>
        </test-method> <!-- verify_Login -->
        <test-method signature="verify_Login(java.lang.String,java.lang.String,java.lang.String)[pri:0, instance:testcases.TC001_LoginTestDDT@52b1beb6]" started-at="2025-03-23T17:04:15 IST" name="verify_Login" data-provider="LoginData" finished-at="2025-03-23T17:04:24 IST" duration-ms="8853" status="PASS">
          <params>
            <param index="0">
              <value>
                <![CDATA[bisht@123gmail.com]]>
              </value>
            </param>
            <param index="1">
              <value>
                <![CDATA[Bisht@123]]>
              </value>
            </param>
            <param index="2">
              <value>
                <![CDATA[valid]]>
              </value>
            </param>
          </params>
          <reporter-output>
          </reporter-output>
        </test-method> <!-- verify_Login -->
        <test-method signature="verify_Login(java.lang.String,java.lang.String,java.lang.String)[pri:0, instance:testcases.TC001_LoginTestDDT@52b1beb6]" started-at="2025-03-23T17:04:24 IST" name="verify_Login" data-provider="LoginData" finished-at="2025-03-23T17:04:41 IST" duration-ms="17491" status="PASS">
          <params>
            <param index="0">
              <value>
                <![CDATA[bisht@123gmail.com]]>
              </value>
            </param>
            <param index="1">
              <value>
                <![CDATA[Bisht@1234]]>
              </value>
            </param>
            <param index="2">
              <value>
                <![CDATA[invalid]]>
              </value>
            </param>
          </params>
          <reporter-output>
          </reporter-output>
        </test-method> <!-- verify_Login -->
        <test-method is-config="true" signature="tearDown()[pri:0, instance:testcases.TC001_LoginTestDDT@52b1beb6]" started-at="2025-03-23T17:04:41 IST" name="tearDown" finished-at="2025-03-23T17:04:42 IST" duration-ms="436" status="PASS">
          <reporter-output>
          </reporter-output>
        </test-method> <!-- tearDown -->
      </class> <!-- testcases.TC001_LoginTestDDT -->
    </test> <!-- Test1 -->
  </suite> <!-- Suite -->
</testng-results>
